217
1 207
2 24
3 31
5 242
6 29
7 140
8 184
9 78
10 71
11 208
12 55
13 117
14 253
15 66
16 3
18 245
19 227
20 119
21 261
22 224
23 87
24 89
25 246
26 124
27 160
29 159
30 259
31 93
32 72
33 6
34 40
35 32
36 264
37 56
38 62
39 169
40 14
41 64
42 152
43 46
44 239
45 156
46 112
47 249
48 134
49 115
50 86
51 12
52 100
54 81
55 85
56 76
58 194
59 260
60 243
62 193
65 255
66 199
68 226
69 84
70 58
72 60
73 148
76 185
77 75
78 44
79 219
80 145
83 188
84 183
85 61
86 256
87 163
88 9
89 177
90 200
91 69
93 22
95 52
96 42
97 173
99 37
100 235
101 79
102 4
103 189
106 251
107 114
110 257
112 74
113 162
114 20
115 63
116 196
117 7
118 146
120 237
121 104
122 59
123 30
124 236
125 54
126 33
127 157
128 167
129 164
130 53
131 70
132 258
134 5
135 154
136 230
138 2
139 8
140 17
141 248
142 57
143 80
144 123
145 27
146 77
147 107
148 25
149 1
150 120
151 268
152 216
153 231
155 132
156 263
158 92
160 83
163 137
164 95
165 97
166 153
167 111
168 175
170 38
172 19
173 182
174 10
175 225
176 223
178 192
179 118
180 214
181 190
182 244
183 21
184 241
185 49
186 180
187 229
188 149
189 26
190 217
191 73
192 171
193 103
194 121
196 170
197 197
198 204
199 265
201 36
202 179
203 108
206 88
207 139
208 165
209 34
210 267
211 99
212 147
214 35
216 47
219 228
221 67
222 195
223 234
224 48
225 176
226 39
227 144
229 166
231 51
232 91
233 222
234 141
236 23
237 109
238 181
239 247
241 262
242 110
243 106
246 252
247 168
249 209
250 135
251 213
252 202
254 127
255 129
257 178
258 218
259 130
261 143
262 210
263 15
264 82
265 18
266 211
269 41
270 50
271 94
